#
# A fatal error has been detected by the Java Runtime Environment:
#
#  Internal Error (sharedRuntime.cpp:532), pid=41403, tid=6403
#  Error: ShouldNotReachHere()
#
# JRE version: OpenJDK Runtime Environment Zulu16.28+11-CA (16.0+36) (build 16+36)
# Java VM: OpenJDK 64-Bit Server VM Zulu16.28+11-CA (16+36, mixed mode, tiered, compressed oops, parallel gc, bsd-aarch64)
# No core dump will be written. Core dumps have been disabled. To enable core dumping, try "ulimit -c unlimited" before starting Java again
#
# If you would like to submit a bug report, please visit:
#   http://www.azulsystems.com/support/
#

---------------  S U M M A R Y ------------

Command Line: --add-modules=ALL-SYSTEM --add-opens=java.base/java.util=ALL-UNNAMED --add-opens=java.base/java.lang=ALL-UNNAMED -Declipse.application=org.eclipse.jdt.ls.core.id1 -Dosgi.bundles.defaultStartLevel=4 -Declipse.product=org.eclipse.jdt.ls.core.product -Dfile.encoding=utf8 -XX:+UseParallelGC -XX:GCTimeRatio=4 -XX:AdaptiveSizePolicyWeight=90 -Dsun.zip.disableMemoryMapping=true -Xmx1G -Xms100m /Users/jvvd/.vscode/extensions/redhat.java-0.79.2/server/plugins/org.eclipse.equinox.launcher_1.6.100.v20201223-0822.jar -configuration /Users/jvvd/Library/Application Support/Code/User/globalStorage/redhat.java/0.79.2/config_mac -data /Users/jvvd/Library/Application Support/Code/User/workspaceStorage/d3f59d6d1b0a69a26831de9d58494be3/redhat.java/jdt_ws

Host: MacBookAir10,1 arm64 1 MHz, 8 cores, 8G, Darwin 20.5.0, macOS 11.4 (20F71)
Time: Fri Jun 25 23:01:38 2021 CST elapsed time: 0.271507 seconds (0d 0h 0m 0s)

---------------  T H R E A D  ---------------

Current thread (0x000000012500d000):  JavaThread "main" [_thread_in_Java, id=6403, stack(0x000000016dd74000,0x000000016df77000)]

Stack: [0x000000016dd74000,0x000000016df77000],  sp=0x000000016df76280,  free space=2056k
Native frames: (J=compiled Java code, A=aot compiled Java code, j=interpreted, Vv=VM code, C=native code)
V  [libjvm.dylib+0x9abf04]  VMError::report_and_die(int, char const*, char const*, char*, Thread*, unsigned char*, void*, void*, char const*, int, unsigned long)+0x46c
V  [libjvm.dylib+0x9ac658]  VMError::report_and_die(Thread*, void*, char const*, int, char const*, char const*, char*)+0x40
V  [libjvm.dylib+0x2a9dd0]  report_vm_error(char const*, int, char const*, char const*, ...)+0x5c
V  [libjvm.dylib+0x2a9fa4]  report_should_not_reach_here(char const*, int)+0x2c
V  [libjvm.dylib+0x81388c]  SharedRuntime::raw_exception_handler_for_return_address(JavaThread*, unsigned char*)+0x178
V  [libjvm.dylib+0x813930]  SharedRuntime::exception_handler_for_return_address(JavaThread*, unsigned char*)+0x28
v  ~StubRoutines::forward exception
j  java.io.FileInputStream.open(Ljava/lang/String;)V+2 java.base@16
j  java.io.FileInputStream.<init>(Ljava/io/File;)V+96 java.base@16
j  java.io.FileInputStream.<init>(Ljava/lang/String;)V+17 java.base@16
j  sun.net.www.protocol.file.FileURLConnection.connect()V+102 java.base@16
j  sun.net.www.protocol.file.FileURLConnection.getInputStream()Ljava/io/InputStream;+1 java.base@16
j  java.net.URL.openStream()Ljava/io/InputStream;+4 java.base@16
j  org.eclipse.equinox.launcher.Main.getStream(Ljava/net/URL;)Ljava/io/InputStream;+42
j  org.eclipse.equinox.launcher.Main.load(Ljava/net/URL;Ljava/lang/String;)Ljava/util/Properties;+71
j  org.eclipse.equinox.launcher.Main.loadProperties(Ljava/net/URL;)Ljava/util/Properties;+13
j  org.eclipse.equinox.launcher.Main.loadConfiguration(Ljava/net/URL;)Ljava/util/Properties;+51
j  org.eclipse.equinox.launcher.Main.processConfiguration()V+272
j  org.eclipse.equinox.launcher.Main.basicRun([Ljava/lang/String;)V+53
j  org.eclipse.equinox.launcher.Main.run([Ljava/lang/String;)I+4
j  org.eclipse.equinox.launcher.Main.main([Ljava/lang/String;)V+10
v  ~StubRoutines::call_stub
V  [libjvm.dylib+0x43f718]  JavaCalls::call_helper(JavaValue*, methodHandle const&, JavaCallArguments*, Thread*)+0x30c
V  [libjvm.dylib+0x4a115c]  jni_invoke_static(JNIEnv_*, JavaValue*, _jobject*, JNICallType, _jmethodID*, JNI_ArgumentPusher*, Thread*)+0x120
V  [libjvm.dylib+0x4a4570]  jni_CallStaticVoidMethod+0x120
C  [libjli.dylib+0x5430]  JavaMain+0x9d4
C  [libjli.dylib+0x778c]  ThreadJavaMain+0xc
C  [libsystem_pthread.dylib+0x7878]  _pthread_start+0x140


---------------  P R O C E S S  ---------------

Threads class SMR info:
_java_thread_list=0x0000000124e83f50, length=11, elements={
0x000000012500d000, 0x000000012500dc00, 0x0000000115008800, 0x000000011582c800,
0x0000000115008e00, 0x000000011300cc00, 0x000000011300d200, 0x000000011300d800,
0x0000000125042e00, 0x000000012500d600, 0x000000012504fa00
}

Java Threads: ( => current thread )
=>0x000000012500d000 JavaThread "main" [_thread_in_Java, id=6403, stack(0x000000016dd74000,0x000000016df77000)]
  0x000000012500dc00 JavaThread "Reference Handler" daemon [_thread_blocked, id=18947, stack(0x000000016e398000,0x000000016e59b000)]
  0x0000000115008800 JavaThread "Finalizer" daemon [_thread_blocked, id=18435, stack(0x000000016e5a4000,0x000000016e7a7000)]
  0x000000011582c800 JavaThread "Signal Dispatcher" daemon [_thread_blocked, id=15107, stack(0x000000016e8c8000,0x000000016eacb000)]
  0x0000000115008e00 JavaThread "Service Thread" daemon [_thread_blocked, id=15619, stack(0x000000016ead4000,0x000000016ecd7000)]
  0x000000011300cc00 JavaThread "Monitor Deflation Thread" daemon [_thread_blocked, id=16131, stack(0x000000016ece0000,0x000000016eee3000)]
  0x000000011300d200 JavaThread "C2 CompilerThread0" daemon [_thread_blocked, id=21763, stack(0x000000016eeec000,0x000000016f0ef000)]
  0x000000011300d800 JavaThread "C1 CompilerThread0" daemon [_thread_blocked, id=22275, stack(0x000000016f0f8000,0x000000016f2fb000)]
  0x0000000125042e00 JavaThread "Sweeper thread" daemon [_thread_blocked, id=43267, stack(0x000000016f304000,0x000000016f507000)]
  0x000000012500d600 JavaThread "Common-Cleaner" daemon [_thread_blocked, id=23043, stack(0x000000016f510000,0x000000016f713000)]
  0x000000012504fa00 JavaThread "Notification Thread" daemon [_thread_blocked, id=43011, stack(0x000000016f71c000,0x000000016f91f000)]

Other Threads:
  0x0000000114e20420 VMThread "VM Thread" [stack: 0x000000016e18c000,0x000000016e38f000] [id=13059]
  0x0000000124e84780 WatcherThread [stack: 0x000000016f928000,0x000000016fb2b000] [id=42755]
  0x0000000114e0df40 GCTaskThread "GC Thread#0" [stack: 0x000000016df80000,0x000000016e183000] [id=20227]

Threads with active compile tasks:

VM state: not at safepoint (normal execution)

VM Mutex/Monitor currently owned by a thread: None

Heap address: 0x0000000780000000, size: 1024 MB, Compressed Oops mode: Zero based, Oop shift amount: 3
Compressed class space mapped at: 0x0000000300000000-0x0000000340000000, reserved size: 1073741824
Narrow klass base: 0x0000000000000000, Narrow klass shift: 3, Narrow klass range: 0x340000000

GC Precious Log:
 CPUs: 8 total, 8 available
 Memory: 8192M
 Large Page Support: Disabled
 NUMA Support: Disabled
 Compressed Oops: Enabled (Zero based)
 Alignments: Space 512K, Generation 512K, Heap 8M
 Heap Min Capacity: 104M
 Heap Initial Capacity: 104M
 Heap Max Capacity: 1G
 Pre-touch: Disabled
 Parallel Workers: 8

Heap:
 PSYoungGen      total 31232K, used 4938K [0x00000007aab00000, 0x00000007acd80000, 0x00000007c0000000)
  eden space 27136K, 18% used [0x00000007aab00000,0x00000007aafd2b88,0x00000007ac580000)
  from space 4096K, 0% used [0x00000007ac980000,0x00000007ac980000,0x00000007acd80000)
  to   space 4096K, 0% used [0x00000007ac580000,0x00000007ac580000,0x00000007ac980000)
 ParOldGen       total 71168K, used 0K [0x0000000780000000, 0x0000000784580000, 0x00000007aab00000)
  object space 71168K, 0% used [0x0000000780000000,0x0000000780000000,0x0000000784580000)
 Metaspace       used 8791K, committed 9024K, reserved 1064960K
  class space    used 767K, committed 896K, reserved 1048576K

Card table byte_map: [0x0000000102518000,0x000000010271c000] _byte_map_base: 0x00000000fe918000

Marking Bits: (ParMarkBitMap*) 0x00000001073a4a48
 Begin Bits: [0x00000001100c0000, 0x00000001110c0000)
 End Bits:   [0x00000001110c0000, 0x00000001120c0000)

Polling page: 0x00000001022b0000

Metaspace:

Usage:
  Non-class:      7.84 MB used.
      Class:    767.77 KB used.
       Both:      8.59 MB used.

Virtual space:
  Non-class space:       16.00 MB reserved,       7.94 MB ( 50%) committed,  2 nodes.
      Class space:        1.00 GB reserved,     896.00 KB ( <1%) committed,  1 nodes.
              Both:        1.02 GB reserved,       8.81 MB ( <1%) committed. 

Chunk freelists:
   Non-Class:  3.92 MB
       Class:  3.12 MB
        Both:  7.04 MB

MaxMetaspaceSize: 17179869184.00 GB
CompressedClassSpaceSize: 1.00 GB
 - commit_granule_bytes: 65536.
 - commit_granule_words: 8192.
 - virtual_space_node_default_size: 1048576.
 - enlarge_chunks_in_place: 1.
 - new_chunks_are_fully_committed: 0.
 - uncommit_free_chunks: 1.
 - use_allocation_guard: 0.
 - handle_deallocations: 1.


Internal statistics:

num_allocs_failed_limit: 0.
num_arena_births: 48.
num_arena_deaths: 0.
num_vsnodes_births: 3.
num_vsnodes_deaths: 0.
num_space_committed: 141.
num_space_uncommitted: 0.
num_chunks_returned_to_freelist: 0.
num_chunks_taken_from_freelist: 69.
num_chunk_merges: 0.
num_chunk_splits: 40.
num_chunks_enlarged: 25.
num_purges: 0.

CodeHeap 'non-profiled nmethods': size=120032Kb used=113Kb max_used=113Kb free=119919Kb
 bounds [0x0000000137ac8000, 0x0000000137d38000, 0x000000013f000000]
CodeHeap 'profiled nmethods': size=120016Kb used=548Kb max_used=548Kb free=119467Kb
 bounds [0x0000000130594000, 0x0000000130804000, 0x0000000137ac8000]
CodeHeap 'non-nmethods': size=5712Kb used=1075Kb max_used=1103Kb free=4636Kb
 bounds [0x0000000130000000, 0x0000000130270000, 0x0000000130594000]
 total_blobs=754 nmethods=376 adapters=297
 compilation: enabled
              stopped_count=0, restarted_count=0
 full_count=0

Compilation events (20 events):
Event: 0.264 Thread 0x000000011300d800  365       1       java.security.Provider$Service::getClassName (5 bytes)
Event: 0.264 Thread 0x000000011300d800 nmethod 365 0x0000000137ae1410 code [0x0000000137ae1580, 0x0000000137ae1668]
Event: 0.265 Thread 0x000000011300d800  366       3       sun.security.provider.SHA2::implCompress0 (466 bytes)
Event: 0.265 Thread 0x000000011300d800 nmethod 366 0x0000000130618810 code [0x0000000130618a00, 0x00000001306191e8]
Event: 0.265 Thread 0x000000011300d200 nmethod 355 0x0000000137ae1710 code [0x0000000137ae1900, 0x0000000137ae1c60]
Event: 0.265 Thread 0x000000011300d800  367       1       java.util.ArrayList::size (5 bytes)
Event: 0.265 Thread 0x000000011300d800 nmethod 367 0x0000000137ae1e10 code [0x0000000137ae1f80, 0x0000000137ae2068]
Event: 0.265 Thread 0x000000011300d800  368       3       sun.security.provider.ByteArrayAccess::b2iBig64 (614 bytes)
Event: 0.266 Thread 0x000000011300d800 nmethod 368 0x0000000130619590 code [0x0000000130619840, 0x000000013061a658]
Event: 0.266 Thread 0x000000011300d800  370       3       sun.security.provider.SHA2::implCompressCheck (15 bytes)
Event: 0.266 Thread 0x000000011300d200  371 %     4       sun.security.provider.SHA2::implCompress0 @ 196 (466 bytes)
Event: 0.266 Thread 0x000000011300d800 nmethod 370 0x000000013061ab90 code [0x000000013061ad80, 0x000000013061b048]
Event: 0.266 Thread 0x000000011300d800  369       3       sun.security.provider.SHA2::implCompress (13 bytes)
Event: 0.266 Thread 0x000000011300d800 nmethod 369 0x000000013061b190 code [0x000000013061b380, 0x000000013061b738]
Event: 0.269 Thread 0x000000011300d800  372       3       java.util.Arrays::copyOf (40 bytes)
Event: 0.269 Thread 0x000000011300d800 nmethod 372 0x000000013061b910 code [0x000000013061bb40, 0x000000013061c278]
Event: 0.269 Thread 0x000000011300d200 nmethod 371% 0x0000000137ae2110 code [0x0000000137ae22c0, 0x0000000137ae2980]
Event: 0.270 Thread 0x000000011300d200  373       4       java.lang.AbstractStringBuilder::ensureCapacityInternal (39 bytes)
Event: 0.271 Thread 0x000000011300d800  376       3       java.lang.String::startsWith (138 bytes)
Event: 0.271 Thread 0x000000011300d800 nmethod 376 0x000000013061c510 code [0x000000013061c780, 0x000000013061d028]

GC Heap History (0 events):
No events

Deoptimization events (4 events):
Event: 0.221 Thread 0x000000012500d000 Uncommon trap: trap_request=0xffffff45 fr.pc=0x0000000137ad72b0 relative=0x0000000000000570
Event: 0.221 Thread 0x000000012500d000 Uncommon trap: reason=unstable_if action=reinterpret pc=0x0000000137ad72b0 method=java.util.HashMap.putVal(ILjava/lang/Object;Ljava/lang/Object;ZZ)Ljava/lang/Object; @ 181 c2
Event: 0.221 Thread 0x000000012500d000 DEOPT PACKING pc=0x0000000137ad72b0 sp=0x000000016df755d0
Event: 0.221 Thread 0x000000012500d000 DEOPT UNPACKING pc=0x0000000130039d9c sp=0x000000016df75510 mode 2

Classes unloaded (0 events):
No events

Classes redefined (0 events):
No events

Internal exceptions (17 events):
Event: 0.113 Thread 0x000000012500d000 Exception <a 'java/lang/NoSuchMethodError'{0x00000007aab7d290}: 'int java.lang.invoke.DirectMethodHandle$Holder.invokeStatic(java.lang.Object, java.lang.Object)'> (0x00000007aab7d290) 
thrown [src/hotspot/share/interpreter/linkResolver.cpp, line 790]
Event: 0.114 Thread 0x000000012500d000 Exception <a 'java/lang/NoSuchMethodError'{0x00000007aab86720}: 'java.lang.Object java.lang.invoke.Invokers$Holder.invokeExact_MT(java.lang.Object, java.lang.Object, java.lang.Object, java.lang.Object, java.lang.Object, java.lang.Object, java.lang.Object, java.lang.Object)'> (0x00000007aab86720) 
thrown [src/hotspot/share/interpreter/linkResolver.cpp, line 790]
Event: 0.117 Thread 0x000000012500d000 Exception <a 'java/lang/NoSuchMethodError'{0x00000007aaca2108}: 'java.lang.Object java.lang.invoke.DirectMethodHandle$Holder.invokeStatic(java.lang.Object, java.lang.Object, java.lang.Object)'> (0x00000007aaca2108) 
thrown [src/hotspot/share/interpreter/linkResolver.cpp, line 790]
Event: 0.118 Thread 0x000000012500d000 Exception <a 'java/lang/NoSuchMethodError'{0x00000007aacaa998}: 'java.lang.Object java.lang.invoke.DirectMethodHandle$Holder.getReference(java.lang.Object, java.lang.Object)'> (0x00000007aacaa998) 
thrown [src/hotspot/share/interpreter/linkResolver.cpp, line 790]
Event: 0.118 Thread 0x000000012500d000 Exception <a 'java/lang/NoSuchMethodError'{0x00000007aacaed50}: 'java.lang.Object java.lang.invoke.LambdaForm$Holder.identity_L(java.lang.Object, java.lang.Object)'> (0x00000007aacaed50) 
thrown [src/hotspot/share/interpreter/linkResolver.cpp, line 790]
Event: 0.118 Thread 0x000000012500d000 Exception <a 'java/lang/NoSuchMethodError'{0x00000007aacb1c90}: 'java.lang.Object java.lang.invoke.LambdaForm$Holder.zero_L(java.lang.Object)'> (0x00000007aacb1c90) 
thrown [src/hotspot/share/interpreter/linkResolver.cpp, line 790]
Event: 0.120 Thread 0x000000012500d000 Exception <a 'java/lang/NoSuchMethodError'{0x00000007aacb92a0}: 'java.lang.Object java.lang.invoke.DirectMethodHandle$Holder.invokeSpecial(java.lang.Object, java.lang.Object)'> (0x00000007aacb92a0) 
thrown [src/hotspot/share/interpreter/linkResolver.cpp, line 790]
Event: 0.120 Thread 0x000000012500d000 Exception <a 'java/lang/NoSuchMethodError'{0x00000007aacbc8d8}: 'java.lang.Object java.lang.invoke.Invokers$Holder.linkToTargetMethod(java.lang.Object)'> (0x00000007aacbc8d8) 
thrown [src/hotspot/share/interpreter/linkResolver.cpp, line 790]
Event: 0.121 Thread 0x000000012500d000 Exception <a 'java/lang/NoSuchMethodError'{0x00000007aacc99c8}: 'java.lang.Object java.lang.invoke.DirectMethodHandle$Holder.newInvokeSpecial(java.lang.Object, java.lang.Object)'> (0x00000007aacc99c8) 
thrown [src/hotspot/share/interpreter/linkResolver.cpp, line 790]
Event: 0.121 Thread 0x000000012500d000 Exception <a 'java/lang/NoSuchMethodError'{0x00000007aaccd6f0}: 'java.lang.Object java.lang.invoke.DirectMethodHandle$Holder.invokeSpecial(java.lang.Object, java.lang.Object, java.lang.Object)'> (0x00000007aaccd6f0) 
thrown [src/hotspot/share/interpreter/linkResolver.cpp, line 790]
Event: 0.121 Thread 0x000000012500d000 Exception <a 'java/lang/NoSuchMethodError'{0x00000007aacd0bd8}: 'java.lang.Object java.lang.invoke.Invokers$Holder.linkToTargetMethod(java.lang.Object, java.lang.Object)'> (0x00000007aacd0bd8) 
thrown [src/hotspot/share/interpreter/linkResolver.cpp, line 790]
Event: 0.121 Thread 0x000000012500d000 Exception <a 'java/lang/NoSuchMethodError'{0x00000007aacd4240}: 'java.lang.Object java.lang.invoke.DirectMethodHandle$Holder.invokeVirtual(java.lang.Object, java.lang.Object)'> (0x00000007aacd4240) 
thrown [src/hotspot/share/interpreter/linkResolver.cpp, line 790]
Event: 0.122 Thread 0x000000012500d000 Exception <a 'java/lang/NoSuchMethodError'{0x00000007aacdb560}: 'java.lang.Object java.lang.invoke.DirectMethodHandle$Holder.newInvokeSpecial(java.lang.Object)'> (0x00000007aacdb560) 
thrown [src/hotspot/share/interpreter/linkResolver.cpp, line 790]
Event: 0.123 Thread 0x000000012500d000 Exception <a 'java/lang/NoSuchMethodError'{0x00000007aace14b8}: 'int java.lang.invoke.DirectMethodHandle$Holder.invokeInterface(java.lang.Object, java.lang.Object, java.lang.Object)'> (0x00000007aace14b8) 
thrown [src/hotspot/share/interpreter/linkResolver.cpp, line 790]
Event: 0.123 Thread 0x000000012500d000 Exception <a 'java/lang/NoSuchMethodError'{0x00000007aacea4d0}: 'java.lang.Object java.lang.invoke.DirectMethodHandle$Holder.invokeStatic(java.lang.Object, java.lang.Object)'> (0x00000007aacea4d0) 
thrown [src/hotspot/share/interpreter/linkResolver.cpp, line 790]
Event: 0.128 Thread 0x000000012500d000 Exception <a 'java/lang/NoSuchMethodError'{0x00000007aacf3370}: 'int java.lang.invoke.DirectMethodHandle$Holder.invokeSpecial(java.lang.Object, java.lang.Object)'> (0x00000007aacf3370) 
thrown [src/hotspot/share/interpreter/linkResolver.cpp, line 790]
Event: 0.271 Thread 0x000000012500d000 Exception <a 'java/io/FileNotFoundException'{0x00000007aafa4c90}> (0x00000007aafa4c90) 
thrown [src/hotspot/share/prims/jni.cpp, line 579]

Events (20 events):
Event: 0.270 loading class java/util/concurrent/ConcurrentHashMap$KeySetView
Event: 0.270 loading class java/util/concurrent/ConcurrentHashMap$KeySetView done
Event: 0.270 loading class java/util/Collections$3
Event: 0.270 loading class java/util/Collections$3 done
Event: 0.270 loading class java/util/concurrent/ConcurrentHashMap$KeyIterator
Event: 0.270 loading class java/util/concurrent/ConcurrentHashMap$KeyIterator done
Event: 0.270 loading class java/net/URLDecoder
Event: 0.270 loading class java/net/URLDecoder done
Event: 0.270 loading class java/net/URLEncoder
Event: 0.270 loading class java/net/URLEncoder done
Event: 0.270 loading class java/util/BitSet
Event: 0.271 loading class java/util/BitSet done
Event: 0.271 loading class sun/net/www/protocol/file/FileURLConnection
Event: 0.271 loading class sun/net/www/URLConnection
Event: 0.271 loading class java/net/URLConnection
Event: 0.271 loading class java/net/URLConnection done
Event: 0.271 loading class sun/net/www/URLConnection done
Event: 0.271 loading class sun/net/www/protocol/file/FileURLConnection done
Event: 0.271 loading class sun/net/www/MessageHeader
Event: 0.271 loading class sun/net/www/MessageHeader done


Dynamic libraries:
0x0000000199275000 	/usr/lib/libz.1.dylib
0x0000000102134000 	/Library/Java/JavaVirtualMachines/zulu-16.jdk/Contents/Home/lib/libjli.dylib
0x00000001a377f000 	/System/Library/Frameworks/Cocoa.framework/Versions/A/Cocoa
0x00000001916c2000 	/System/Library/Frameworks/Security.framework/Versions/A/Security
0x00000001a1aed000 	/System/Library/Frameworks/ApplicationServices.framework/Versions/A/ApplicationServices
0x000000019931b000 	/usr/lib/libSystem.B.dylib
0x0000000199315000 	/usr/lib/system/libcache.dylib
0x00000001992d4000 	/usr/lib/system/libcommonCrypto.dylib
0x00000001992fe000 	/usr/lib/system/libcompiler_rt.dylib
0x00000001992f5000 	/usr/lib/system/libcopyfile.dylib
0x000000018f638000 	/usr/lib/system/libcorecrypto.dylib
0x000000018f6d8000 	/usr/lib/system/libdispatch.dylib
0x000000018f891000 	/usr/lib/system/libdyld.dylib
0x000000019930b000 	/usr/lib/system/libkeymgr.dylib
0x000000019c73c000 	/usr/lib/system/liblaunch.dylib
0x00000001992b6000 	/usr/lib/system/libmacho.dylib
0x0000000198b28000 	/usr/lib/system/libquarantine.dylib
0x0000000199308000 	/usr/lib/system/libremovefile.dylib
0x000000019411e000 	/usr/lib/system/libsystem_asl.dylib
0x000000018f5e6000 	/usr/lib/system/libsystem_blocks.dylib
0x000000018f75a000 	/usr/lib/system/libsystem_c.dylib
0x0000000199302000 	/usr/lib/system/libsystem_collections.dylib
0x0000000198162000 	/usr/lib/system/libsystem_configuration.dylib
0x00000001974e5000 	/usr/lib/system/libsystem_containermanager.dylib
0x000000019908b000 	/usr/lib/system/libsystem_coreservices.dylib
0x0000000191c99000 	/usr/lib/system/libsystem_darwin.dylib
0x000000019930c000 	/usr/lib/system/libsystem_dnssd.dylib
0x000000018f757000 	/usr/lib/system/libsystem_featureflags.dylib
0x000000018f8da000 	/usr/lib/system/libsystem_info.dylib
0x0000000199287000 	/usr/lib/system/libsystem_m.dylib
0x000000018f6ac000 	/usr/lib/system/libsystem_malloc.dylib
0x00000001940b9000 	/usr/lib/system/libsystem_networkextension.dylib
0x00000001920dc000 	/usr/lib/system/libsystem_notify.dylib
0x000000019ebea000 	/usr/lib/system/libsystem_product_info_filter.dylib
0x0000000198167000 	/usr/lib/system/libsystem_sandbox.dylib
0x0000000199305000 	/usr/lib/system/libsystem_secinit.dylib
0x000000018f850000 	/usr/lib/system/libsystem_kernel.dylib
0x000000018f8d3000 	/usr/lib/system/libsystem_platform.dylib
0x000000018f884000 	/usr/lib/system/libsystem_pthread.dylib
0x000000019568b000 	/usr/lib/system/libsystem_symptoms.dylib
0x000000018f620000 	/usr/lib/system/libsystem_trace.dylib
0x00000001992e2000 	/usr/lib/system/libunwind.dylib
0x000000018f5e8000 	/usr/lib/system/libxpc.dylib
0x000000018f838000 	/usr/lib/libc++abi.dylib
0x000000018f71d000 	/usr/lib/libobjc.A.dylib
0x00000001992ed000 	/usr/lib/liboah.dylib
0x000000018f7dc000 	/usr/lib/libc++.1.dylib
0x000000018f906000 	/System/Library/Frameworks/CoreFoundation.framework/Versions/A/CoreFoundation
0x00000001906cd000 	/System/Library/Frameworks/Foundation.framework/Versions/C/Foundation
0x0000000192136000 	/System/Library/Frameworks/AppKit.framework/Versions/C/AppKit
0x0000000194f54000 	/System/Library/Frameworks/CoreData.framework/Versions/A/CoreData
0x0000000192e76000 	/System/Library/PrivateFrameworks/UIFoundation.framework/Versions/A/UIFoundation
0x000000019e97c000 	/System/Library/PrivateFrameworks/RemoteViewServices.framework/Versions/A/RemoteViewServices
0x0000000197b96000 	/System/Library/PrivateFrameworks/XCTTargetBootstrap.framework/Versions/A/XCTTargetBootstrap
0x000000019a4d5000 	/usr/lib/libspindump.dylib
0x000000019309d000 	/System/Library/Frameworks/UniformTypeIdentifiers.framework/Versions/A/UniformTypeIdentifiers
0x000000019617e000 	/usr/lib/libapp_launch_measurement.dylib
0x0000000196181000 	/System/Library/PrivateFrameworks/CoreAutoLayout.framework/Versions/A/CoreAutoLayout
0x0000000197513000 	/System/Library/Frameworks/Metal.framework/Versions/A/Metal
0x0000000198172000 	/usr/lib/liblangid.dylib
0x0000000197b9a000 	/System/Library/PrivateFrameworks/CoreSVG.framework/Versions/A/CoreSVG
0x0000000194150000 	/System/Library/PrivateFrameworks/SkyLight.framework/Versions/A/SkyLight
0x00000001944bb000 	/System/Library/Frameworks/CoreGraphics.framework/Versions/A/CoreGraphics
0x000000019ee9c000 	/System/Library/Frameworks/Accelerate.framework/Versions/A/Accelerate
0x0000000199f2f000 	/System/Library/PrivateFrameworks/IconServices.framework/Versions/A/IconServices
0x00000001974f7000 	/System/Library/Frameworks/IOSurface.framework/Versions/A/IOSurface
0x0000000195822000 	/usr/lib/libDiagnosticMessagesClient.dylib
0x0000000197b7e000 	/System/Library/PrivateFrameworks/DFRFoundation.framework/Versions/A/DFRFoundation
0x0000000191a27000 	/usr/lib/libicucore.A.dylib
0x000000019ba26000 	/System/Library/Frameworks/AudioToolbox.framework/Versions/A/AudioToolbox
0x000000019ac3b000 	/System/Library/PrivateFrameworks/DataDetectorsCore.framework/Versions/A/DataDetectorsCore
0x00000001940cb000 	/usr/lib/libMobileGestalt.dylib
0x0000000197873000 	/System/Library/Frameworks/Carbon.framework/Versions/A/Frameworks/HIToolbox.framework/Versions/A/HIToolbox
0x0000000195c1d000 	/System/Library/Frameworks/QuartzCore.framework/Versions/A/QuartzCore
0x000000019e9b4000 	/System/Library/Frameworks/Carbon.framework/Versions/A/Frameworks/SpeechRecognition.framework/Versions/A/SpeechRecognition
0x0000000195f1c000 	/System/Library/PrivateFrameworks/CoreUI.framework/Versions/A/CoreUI
0x00000001910a7000 	/System/Library/Frameworks/CoreAudio.framework/Versions/A/CoreAudio
0x000000019590b000 	/System/Library/Frameworks/DiskArbitration.framework/Versions/A/DiskArbitration
0x000000019a888000 	/System/Library/PrivateFrameworks/MultitouchSupport.framework/Versions/A/MultitouchSupport
0x000000019ac32000 	/System/Library/PrivateFrameworks/InternationalSupport.framework/Versions/A/InternationalSupport
0x00000001940c9000 	/usr/lib/libenergytrace.dylib
0x0000000192010000 	/System/Library/Frameworks/IOKit.framework/Versions/A/IOKit
0x000000019ecdf000 	/System/Library/Frameworks/CoreServices.framework/Versions/A/CoreServices
0x0000000196114000 	/System/Library/PrivateFrameworks/PerformanceAnalysis.framework/Versions/A/PerformanceAnalysis
0x00000001d1880000 	/System/Library/Frameworks/OpenGL.framework/Versions/A/OpenGL
0x000000019acb0000 	/System/Library/PrivateFrameworks/UserActivity.framework/Versions/A/UserActivity
0x0000000194aa9000 	/System/Library/Frameworks/ColorSync.framework/Versions/A/ColorSync
0x0000000197de4000 	/System/Library/Frameworks/CoreImage.framework/Versions/A/CoreImage
0x0000000190ed7000 	/System/Library/Frameworks/CoreText.framework/Versions/A/CoreText
0x0000000197bc5000 	/System/Library/Frameworks/ImageIO.framework/Versions/A/ImageIO
0x0000000199321000 	/System/Library/PrivateFrameworks/SoftLinking.framework/Versions/A/SoftLinking
0x00000001961c4000 	/usr/lib/libxml2.2.dylib
0x00000001995a1000 	/usr/lib/libcompression.dylib
0x000000019ab7e000 	/System/Library/PrivateFrameworks/TextureIO.framework/Versions/A/TextureIO
0x0000000199c8c000 	/usr/lib/libate.dylib
0x0000000199ad5000 	/usr/lib/liblzma.5.dylib
0x00000001903e2000 	/System/Library/Frameworks/SystemConfiguration.framework/Versions/A/SystemConfiguration
0x000000019931d000 	/usr/lib/libfakelink.dylib
0x0000000193c30000 	/System/Library/Frameworks/CFNetwork.framework/Versions/A/CFNetwork
0x0000000199467000 	/usr/lib/libarchive.2.dylib
0x000000019046a000 	/usr/lib/libCRFSuite.dylib
0x0000000198b52000 	/usr/lib/libbsm.0.dylib
0x00000001934e7000 	/usr/lib/libnetwork.dylib
0x0000000199322000 	/usr/lib/libpcap.A.dylib
0x0000000195683000 	/usr/lib/libdns_services.dylib
0x0000000199aee000 	/usr/lib/libcoretls_cfhelpers.dylib
0x0000000199570000 	/usr/lib/libapple_nghttp2.dylib
0x00000001992bc000 	/usr/lib/system/libkxld.dylib
0x0000000195314000 	/usr/lib/libsqlite3.dylib
0x000000019906e000 	/System/Library/PrivateFrameworks/AppleFSCompression.framework/Versions/A/AppleFSCompression
0x0000000198b3b000 	/usr/lib/libcoretls.dylib
0x000000019959c000 	/usr/lib/libpam.2.dylib
0x0000000199bd5000 	/usr/lib/libxar.1.dylib
0x000000019816e000 	/System/Library/PrivateFrameworks/AppleSystemInfo.framework/Versions/A/AppleSystemInfo
0x000000019878b000 	/System/Library/PrivateFrameworks/IOMobileFramebuffer.framework/Versions/A/IOMobileFramebuffer
0x000000019907e000 	/usr/lib/libbz2.1.0.dylib
0x000000019935e000 	/usr/lib/libiconv.2.dylib
0x00000001992b5000 	/usr/lib/libcharset.1.dylib
0x000000019614d000 	/System/Library/Frameworks/CoreServices.framework/Versions/A/Frameworks/FSEvents.framework/Versions/A/FSEvents
0x0000000191ca4000 	/System/Library/Frameworks/CoreServices.framework/Versions/A/Frameworks/CarbonCore.framework/Versions/A/CarbonCore
0x0000000195871000 	/System/Library/Frameworks/CoreServices.framework/Versions/A/Frameworks/Metadata.framework/Versions/A/Metadata
0x0000000199090000 	/System/Library/Frameworks/CoreServices.framework/Versions/A/Frameworks/OSServices.framework/Versions/A/OSServices
0x00000001994d8000 	/System/Library/Frameworks/CoreServices.framework/Versions/A/Frameworks/SearchKit.framework/Versions/A/SearchKit
0x000000019560f000 	/System/Library/Frameworks/CoreServices.framework/Versions/A/Frameworks/AE.framework/Versions/A/AE
0x000000018fdb5000 	/System/Library/Frameworks/CoreServices.framework/Versions/A/Frameworks/LaunchServices.framework/Versions/A/LaunchServices
0x0000000199a82000 	/System/Library/Frameworks/CoreServices.framework/Versions/A/Frameworks/DictionaryServices.framework/Versions/A/DictionaryServices
0x000000019615a000 	/System/Library/Frameworks/CoreServices.framework/Versions/A/Frameworks/SharedFileList.framework/Versions/A/SharedFileList
0x0000000198b2b000 	/usr/lib/libCheckFix.dylib
0x0000000194136000 	/System/Library/PrivateFrameworks/TCC.framework/Versions/A/TCC
0x0000000198174000 	/System/Library/PrivateFrameworks/CoreNLP.framework/Versions/A/CoreNLP
0x0000000195825000 	/System/Library/PrivateFrameworks/MetadataUtilities.framework/Versions/A/MetadataUtilities
0x000000019049e000 	/usr/lib/libmecabra.dylib
0x0000000198e11000 	/System/Library/Frameworks/MLCompute.framework/Versions/A/MLCompute
0x0000000198b63000 	/usr/lib/libmecab.dylib
0x0000000198ba9000 	/usr/lib/libgermantok.dylib
0x0000000199549000 	/usr/lib/libThaiTokenizer.dylib
0x0000000199c11000 	/usr/lib/libChineseTokenizer.dylib
0x000000019959a000 	/System/Library/Frameworks/MetalPerformanceShaders.framework/Versions/A/MetalPerformanceShaders
0x0000000195912000 	/System/Library/Frameworks/Accelerate.framework/Versions/A/Frameworks/vImage.framework/Versions/A/vImage
0x000000019ecbd000 	/System/Library/Frameworks/Accelerate.framework/Versions/A/Frameworks/vecLib.framework/Versions/A/vecLib
0x0000000199c1c000 	/System/Library/Frameworks/Accelerate.framework/Versions/A/Frameworks/vecLib.framework/Versions/A/libvMisc.dylib
0x00000001986c9000 	/System/Library/Frameworks/Accelerate.framework/Versions/A/Frameworks/vecLib.framework/Versions/A/libvDSP.dylib
0x00000001900c8000 	/System/Library/Frameworks/Accelerate.framework/Versions/A/Frameworks/vecLib.framework/Versions/A/libBLAS.dylib
0x00000001995c5000 	/System/Library/Frameworks/Accelerate.framework/Versions/A/Frameworks/vecLib.framework/Versions/A/libLAPACK.dylib
0x0000000198bae000 	/System/Library/Frameworks/Accelerate.framework/Versions/A/Frameworks/vecLib.framework/Versions/A/libLinearAlgebra.dylib
0x0000000199587000 	/System/Library/Frameworks/Accelerate.framework/Versions/A/Frameworks/vecLib.framework/Versions/A/libSparseBLAS.dylib
0x00000001995c0000 	/System/Library/Frameworks/Accelerate.framework/Versions/A/Frameworks/vecLib.framework/Versions/A/libQuadrature.dylib
0x000000019820a000 	/System/Library/Frameworks/Accelerate.framework/Versions/A/Frameworks/vecLib.framework/Versions/A/libBNNS.dylib
0x000000019037e000 	/System/Library/Frameworks/Accelerate.framework/Versions/A/Frameworks/vecLib.framework/Versions/A/libSparse.dylib
0x00000001980fd000 	/System/Library/Frameworks/MetalPerformanceShaders.framework/Versions/A/Frameworks/MPSCore.framework/Versions/A/MPSCore
0x0000000198fe6000 	/System/Library/Frameworks/MetalPerformanceShaders.framework/Versions/A/Frameworks/MPSImage.framework/Versions/A/MPSImage
0x0000000198bc3000 	/System/Library/Frameworks/MetalPerformanceShaders.framework/Versions/A/Frameworks/MPSNeuralNetwork.framework/Versions/A/MPSNeuralNetwork
0x0000000198f64000 	/System/Library/Frameworks/MetalPerformanceShaders.framework/Versions/A/Frameworks/MPSMatrix.framework/Versions/A/MPSMatrix
0x0000000198dc7000 	/System/Library/Frameworks/MetalPerformanceShaders.framework/Versions/A/Frameworks/MPSRayIntersector.framework/Versions/A/MPSRayIntersector
0x0000000198f93000 	/System/Library/Frameworks/MetalPerformanceShaders.framework/Versions/A/Frameworks/MPSNDArray.framework/Versions/A/MPSNDArray
0x000000018ffee000 	/System/Library/PrivateFrameworks/MetalTools.framework/Versions/A/MetalTools
0x000000019816c000 	/System/Library/PrivateFrameworks/AggregateDictionary.framework/Versions/A/AggregateDictionary
0x00000001957ef000 	/System/Library/PrivateFrameworks/CoreAnalytics.framework/Versions/A/CoreAnalytics
0x000000019954b000 	/System/Library/PrivateFrameworks/AppleSauce.framework/Versions/A/AppleSauce
0x0000000197509000 	/System/Library/PrivateFrameworks/IOAccelerator.framework/Versions/A/IOAccelerator
0x00000001d1873000 	/System/Library/Frameworks/OpenGL.framework/Versions/A/Libraries/libCoreFSCache.dylib
0x0000000190a5a000 	/System/Library/PrivateFrameworks/LanguageModeling.framework/Versions/A/LanguageModeling
0x0000000198778000 	/System/Library/PrivateFrameworks/CoreEmoji.framework/Versions/A/CoreEmoji
0x0000000198202000 	/System/Library/PrivateFrameworks/LinguisticData.framework/Versions/A/LinguisticData
0x0000000190333000 	/System/Library/PrivateFrameworks/Lexicon.framework/Versions/A/Lexicon
0x0000000199454000 	/usr/lib/libcmph.dylib
0x000000019612d000 	/System/Library/Frameworks/OpenDirectory.framework/Versions/A/Frameworks/CFOpenDirectory.framework/Versions/A/CFOpenDirectory
0x000000019611f000 	/System/Library/Frameworks/OpenDirectory.framework/Versions/A/OpenDirectory
0x0000000199af0000 	/System/Library/PrivateFrameworks/APFS.framework/Versions/A/APFS
0x0000000198a94000 	/System/Library/Frameworks/SecurityFoundation.framework/Versions/A/SecurityFoundation
0x0000000199be3000 	/usr/lib/libutil.dylib
0x0000000191fd4000 	/System/Library/PrivateFrameworks/CoreServicesStore.framework/Versions/A/CoreServicesStore
0x0000000198b22000 	/System/Library/Frameworks/ServiceManagement.framework/Versions/A/ServiceManagement
0x0000000199be7000 	/usr/lib/libxslt.1.dylib
0x0000000198b18000 	/System/Library/PrivateFrameworks/BackgroundTaskManagement.framework/Versions/A/BackgroundTaskManagement
0x000000019aacd000 	/System/Library/Frameworks/ImageIO.framework/Versions/A/Resources/libRadiance.dylib
0x000000019aad6000 	/System/Library/Frameworks/ImageIO.framework/Versions/A/Resources/libJPEG.dylib
0x000000019aa25000 	/System/Library/Frameworks/ImageIO.framework/Versions/A/Resources/libPng.dylib
0x000000019aa4c000 	/System/Library/Frameworks/ImageIO.framework/Versions/A/Resources/libTIFF.dylib
0x000000019ab27000 	/System/Library/Frameworks/ImageIO.framework/Versions/A/Resources/libGIF.dylib
0x000000019a7a2000 	/System/Library/Frameworks/ImageIO.framework/Versions/A/Resources/libJP2.dylib
0x0000000199ef9000 	/usr/lib/libexpat.1.dylib
0x000000019a75e000 	/System/Library/PrivateFrameworks/AppleJPEG.framework/Versions/A/AppleJPEG
0x000000019771a000 	/System/Library/PrivateFrameworks/FontServices.framework/libFontParser.dylib
0x00000001955c1000 	/System/Library/PrivateFrameworks/RunningBoardServices.framework/Versions/A/RunningBoardServices
0x00000001a3cae000 	/System/Library/PrivateFrameworks/IOSurfaceAccelerator.framework/Versions/A/IOSurfaceAccelerator
0x000000019a884000 	/System/Library/PrivateFrameworks/WatchdogClient.framework/Versions/A/WatchdogClient
0x0000000190b4a000 	/System/Library/Frameworks/CoreDisplay.framework/Versions/A/CoreDisplay
0x0000000197622000 	/System/Library/Frameworks/CoreMedia.framework/Versions/A/CoreMedia
0x00000001962b1000 	/System/Library/Frameworks/CoreVideo.framework/Versions/A/CoreVideo
0x000000019a8c1000 	/System/Library/Frameworks/VideoToolbox.framework/Versions/A/VideoToolbox
0x000000019553e000 	/System/Library/PrivateFrameworks/BaseBoard.framework/Versions/A/BaseBoard
0x000000019a036000 	/System/Library/PrivateFrameworks/PersistentConnection.framework/Versions/A/PersistentConnection
0x00000001952fd000 	/System/Library/PrivateFrameworks/ProtocolBuffer.framework/Versions/A/ProtocolBuffer
0x0000000195527000 	/System/Library/PrivateFrameworks/CommonUtilities.framework/Versions/A/CommonUtilities
0x000000019a723000 	/System/Library/PrivateFrameworks/Bom.framework/Versions/A/Bom
0x000000019aac8000 	/System/Library/PrivateFrameworks/GPUWrangler.framework/Versions/A/GPUWrangler
0x000000019aaa9000 	/System/Library/PrivateFrameworks/IOPresentment.framework/Versions/A/IOPresentment
0x000000019aad0000 	/System/Library/PrivateFrameworks/DSExternalDisplay.framework/Versions/A/DSExternalDisplay
0x000000019ab2c000 	/System/Library/PrivateFrameworks/CMCaptureCore.framework/Versions/A/CMCaptureCore
0x000000019a4be000 	/System/Library/PrivateFrameworks/AppServerSupport.framework/Versions/A/AppServerSupport
0x000000019c4f6000 	/System/Library/PrivateFrameworks/perfdata.framework/Versions/A/perfdata
0x0000000198a84000 	/System/Library/PrivateFrameworks/AssertionServices.framework/Versions/A/AssertionServices
0x0000000190c6d000 	/System/Library/PrivateFrameworks/AudioToolboxCore.framework/Versions/A/AudioToolboxCore
0x0000000197602000 	/System/Library/PrivateFrameworks/caulk.framework/Versions/A/caulk
0x00000001ab2c4000 	/System/Library/PrivateFrameworks/SystemPolicy.framework/Versions/A/SystemPolicy
0x0000000199d1e000 	/usr/lib/libIOReport.dylib
0x000000019bd92000 	/usr/lib/libSMC.dylib
0x000000019a9f2000 	/usr/lib/libAudioToolboxUtility.dylib
0x00000001abc49000 	/usr/lib/libmis.dylib
0x00000001d18d5000 	/System/Library/Frameworks/OpenGL.framework/Versions/A/Libraries/libGLU.dylib
0x00000001d1893000 	/System/Library/Frameworks/OpenGL.framework/Versions/A/Libraries/libGFXShared.dylib
0x00000001d1a7b000 	/System/Library/Frameworks/OpenGL.framework/Versions/A/Libraries/libGL.dylib
0x00000001d189c000 	/System/Library/Frameworks/OpenGL.framework/Versions/A/Libraries/libGLImage.dylib
0x00000001d1890000 	/System/Library/Frameworks/OpenGL.framework/Versions/A/Libraries/libCVMSPluginSupport.dylib
0x00000001d187a000 	/System/Library/Frameworks/OpenGL.framework/Versions/A/Libraries/libCoreVMClient.dylib
0x00000001a27f2000 	/System/Library/PrivateFrameworks/ASEProcessing.framework/Versions/A/ASEProcessing
0x000000019a05d000 	/System/Library/PrivateFrameworks/GraphVisualizer.framework/Versions/A/GraphVisualizer
0x000000019a06b000 	/System/Library/PrivateFrameworks/FaceCore.framework/Versions/A/FaceCore
0x000000019a47e000 	/System/Library/PrivateFrameworks/OTSVG.framework/Versions/A/OTSVG
0x0000000195eda000 	/System/Library/Frameworks/ApplicationServices.framework/Versions/A/Frameworks/ATS.framework/Versions/A/Resources/libFontRegistry.dylib
0x000000019a4c6000 	/System/Library/PrivateFrameworks/FontServices.framework/libhvf.dylib
0x00000001d1c16000 	/System/Library/Frameworks/OpenCL.framework/Versions/A/OpenCL
0x0000000199ead000 	/System/Library/PrivateFrameworks/AppleVA.framework/Versions/A/AppleVA
0x000000019bbde000 	/System/Library/Frameworks/ApplicationServices.framework/Versions/A/Frameworks/ATS.framework/Versions/A/ATS
0x000000019bef1000 	/System/Library/Frameworks/ApplicationServices.framework/Versions/A/Frameworks/ColorSyncLegacy.framework/Versions/A/ColorSyncLegacy
0x0000000194b9f000 	/System/Library/Frameworks/ApplicationServices.framework/Versions/A/Frameworks/HIServices.framework/Versions/A/HIServices
0x000000019bed0000 	/System/Library/Frameworks/ApplicationServices.framework/Versions/A/Frameworks/LangAnalysis.framework/Versions/A/LangAnalysis
0x000000019ab36000 	/System/Library/Frameworks/ApplicationServices.framework/Versions/A/Frameworks/PrintCore.framework/Versions/A/PrintCore
0x000000019bef9000 	/System/Library/Frameworks/ApplicationServices.framework/Versions/A/Frameworks/QD.framework/Versions/A/QD
0x000000019bbca000 	/System/Library/Frameworks/ApplicationServices.framework/Versions/A/Frameworks/SpeechSynthesis.framework/Versions/A/SpeechSynthesis
0x000000019aaf7000 	/System/Library/Frameworks/ApplicationServices.framework/Versions/A/Frameworks/ATSUI.framework/Versions/A/ATSUI
0x000000019be72000 	/usr/lib/libcups.2.dylib
0x000000019bee4000 	/System/Library/PrivateFrameworks/NetAuth.framework/Versions/A/NetAuth
0x000000019c510000 	/System/Library/Frameworks/Kerberos.framework/Versions/A/Kerberos
0x000000019c521000 	/System/Library/Frameworks/GSS.framework/Versions/A/GSS
0x000000019bc4d000 	/usr/lib/libresolv.9.dylib
0x000000019a4dc000 	/System/Library/PrivateFrameworks/Heimdal.framework/Versions/A/Heimdal
0x00000001a1ddd000 	/System/Library/Frameworks/Kerberos.framework/Versions/A/Libraries/libHeimdalProxy.dylib
0x0000000195693000 	/System/Library/Frameworks/Network.framework/Versions/A/Network
0x0000000199f13000 	/usr/lib/libheimdal-asn1.dylib
0x000000019c569000 	/System/Library/PrivateFrameworks/CommonAuth.framework/Versions/A/CommonAuth
0x0000000196305000 	/System/Library/PrivateFrameworks/login.framework/Versions/A/Frameworks/loginsupport.framework/Versions/A/loginsupport
0x000000019bb4f000 	/System/Library/PrivateFrameworks/AudioSession.framework/Versions/A/AudioSession
0x000000019bbb7000 	/usr/lib/libAudioStatistics.dylib
0x0000000199f93000 	/System/Library/PrivateFrameworks/MediaExperience.framework/Versions/A/MediaExperience
0x000000019b9f0000 	/System/Library/PrivateFrameworks/AudioSession.framework/libSessionUtility.dylib
0x000000019c502000 	/usr/lib/libperfcheck.dylib
0x000000019bf05000 	/System/Library/PrivateFrameworks/AudioResourceArbitration.framework/Versions/A/AudioResourceArbitration
0x0000000199f1c000 	/System/Library/PrivateFrameworks/IconFoundation.framework/Versions/A/IconFoundation
0x000000019e9a4000 	/System/Library/PrivateFrameworks/SpeechRecognitionCore.framework/Versions/A/SpeechRecognitionCore
0x0000000106800000 	/Library/Java/JavaVirtualMachines/zulu-16.jdk/Contents/Home/lib/server/libjvm.dylib
0x000000010229c000 	/Library/Java/JavaVirtualMachines/zulu-16.jdk/Contents/Home/lib/libjimage.dylib
0x0000000102300000 	/Library/Java/JavaVirtualMachines/zulu-16.jdk/Contents/Home/lib/libjava.dylib
0x0000000102758000 	/Library/Java/JavaVirtualMachines/zulu-16.jdk/Contents/Home/lib/libnio.dylib
0x0000000102778000 	/Library/Java/JavaVirtualMachines/zulu-16.jdk/Contents/Home/lib/libnet.dylib
0x000000010279c000 	/Library/Java/JavaVirtualMachines/zulu-16.jdk/Contents/Home/lib/libzip.dylib


VM Arguments:
jvm_args: --add-modules=ALL-SYSTEM --add-opens=java.base/java.util=ALL-UNNAMED --add-opens=java.base/java.lang=ALL-UNNAMED -Declipse.application=org.eclipse.jdt.ls.core.id1 -Dosgi.bundles.defaultStartLevel=4 -Declipse.product=org.eclipse.jdt.ls.core.product -Dfile.encoding=utf8 -XX:+UseParallelGC -XX:GCTimeRatio=4 -XX:AdaptiveSizePolicyWeight=90 -Dsun.zip.disableMemoryMapping=true -Xmx1G -Xms100m 
java_command: /Users/jvvd/.vscode/extensions/redhat.java-0.79.2/server/plugins/org.eclipse.equinox.launcher_1.6.100.v20201223-0822.jar -configuration /Users/jvvd/Library/Application Support/Code/User/globalStorage/redhat.java/0.79.2/config_mac -data /Users/jvvd/Library/Application Support/Code/User/workspaceStorage/d3f59d6d1b0a69a26831de9d58494be3/redhat.java/jdt_ws
java_class_path (initial): /Users/jvvd/.vscode/extensions/redhat.java-0.79.2/server/plugins/org.eclipse.equinox.launcher_1.6.100.v20201223-0822.jar
Launcher Type: SUN_STANDARD

[Global flags]
    uintx AdaptiveSizePolicyWeight                 = 90                                        {product} {command line}
     intx CICompilerCount                          = 4                                         {product} {ergonomic}
    uintx GCTimeRatio                              = 4                                         {product} {command line}
   size_t InitialHeapSize                          = 109051904                                 {product} {command line, ergonomic}
   size_t MaxHeapSize                              = 1073741824                                {product} {command line}
   size_t MaxNewSize                               = 357564416                                 {product} {ergonomic}
   size_t MinHeapDeltaBytes                        = 524288                                    {product} {ergonomic}
   size_t MinHeapSize                              = 109051904                                 {product} {command line, ergonomic}
   size_t NewSize                                  = 36175872                                  {product} {ergonomic}
    uintx NonNMethodCodeHeapSize                   = 5839564                                {pd product} {ergonomic}
    uintx NonProfiledCodeHeapSize                  = 122909338                              {pd product} {ergonomic}
   size_t OldSize                                  = 72876032                                  {product} {ergonomic}
    uintx ProfiledCodeHeapSize                     = 122909338                              {pd product} {ergonomic}
    uintx ReservedCodeCacheSize                    = 251658240                              {pd product} {ergonomic}
     bool SegmentedCodeCache                       = true                                      {product} {ergonomic}
   size_t SoftMaxHeapSize                          = 1073741824                             {manageable} {ergonomic}
     bool UseCompressedClassPointers               = true                           {product lp64_product} {ergonomic}
     bool UseCompressedOops                        = true                           {product lp64_product} {ergonomic}
     bool UseNUMA                                  = false                                     {product} {ergonomic}
     bool UseNUMAInterleaving                      = false                                     {product} {ergonomic}
     bool UseParallelGC                            = true                                      {product} {command line}

Logging:
Log output configuration:
 #0: stdout all=warning uptime,level,tags
 #1: stderr all=off uptime,level,tags

Environment Variables:
PATH=/opt/homebrew/bin:/usr/local/bin:/usr/bin:/bin:/usr/sbin:/sbin:/Library/Apple/usr/bin:/Users/jvvd
SHELL=/bin/zsh

Signal Handlers:
SIGSEGV: [libjvm.dylib+0x9ace24], sa_mask[0]=11100110000111110111111111111111, sa_flags=SA_ONSTACK|SA_RESTART|SA_SIGINFO
SIGBUS: [libjvm.dylib+0x9ace24], sa_mask[0]=11100110000111110111111111111111, sa_flags=SA_RESTART|SA_SIGINFO
SIGFPE: [libjvm.dylib+0x9ace24], sa_mask[0]=11100110000111110111111111111111, sa_flags=SA_RESTART|SA_SIGINFO
SIGPIPE: [libjvm.dylib+0x896640], sa_mask[0]=11100110000111110111111111111111, sa_flags=SA_RESTART|SA_SIGINFO
SIGXFSZ: [libjvm.dylib+0x896640], sa_mask[0]=11100110000111110111111111111111, sa_flags=SA_RESTART|SA_SIGINFO
SIGILL: [libjvm.dylib+0x9ace24], sa_mask[0]=11100110000111110111111111111111, sa_flags=SA_RESTART|SA_SIGINFO
SIGUSR2: [libjvm.dylib+0x897078], sa_mask[0]=00000000000000000000000000000000, sa_flags=SA_RESTART|SA_SIGINFO
SIGHUP: [libjvm.dylib+0x8956f0], sa_mask[0]=11100110000111110111111111111111, sa_flags=SA_RESTART|SA_SIGINFO
SIGINT: [libjvm.dylib+0x8956f0], sa_mask[0]=11100110000111110111111111111111, sa_flags=SA_RESTART|SA_SIGINFO
SIGTERM: [libjvm.dylib+0x8956f0], sa_mask[0]=11100110000111110111111111111111, sa_flags=SA_RESTART|SA_SIGINFO
SIGQUIT: [libjvm.dylib+0x8956f0], sa_mask[0]=11100110000111110111111111111111, sa_flags=SA_RESTART|SA_SIGINFO
SIGTRAP: [libjvm.dylib+0x9ace24], sa_mask[0]=11100110000111110111111111111111, sa_flags=SA_RESTART|SA_SIGINFO


---------------  S Y S T E M  ---------------

OS:uname: Darwin 20.5.0 Darwin Kernel Version 20.5.0: Sat May  8 05:10:31 PDT 2021; root:xnu-7195.121.3~9/RELEASE_ARM64_T8101 arm64
OS uptime: 4 days 2:25 hours
rlimit (soft/hard): STACK 8176k/65520k , CORE 0k/infinity , NPROC 1333/2000 , NOFILE 10240/infinity , AS infinity/infinity , CPU infinity/infinity , DATA infinity/infinity , FSIZE infinity/infinity , MEMLOCK infinity/infinity , RSS infinity/infinity
load average: 1.25 1.29 1.32

CPU: total 8 (initial active 8) 0x61:0x0:0x1b588bb3:0, simd, crc, lse

Memory: 16k page, physical 8388608k(166960k free), swap 1048576k(931328k free)

vm_info: OpenJDK 64-Bit Server VM (16+36) for bsd-aarch64 JRE (16+36) (Zulu16.28+11-CA), built on Mar  9 2021 03:14:09 by "zulu_re" with clang Apple LLVM 12.0.0 (clang-1200.0.32.28)

END.
